{
"contracts\\AccessRule.sol":{"l":{"16":104,"17":104,"24":46,"25":46,"32":9,"33":9,"40":49,"47":12,"56":3,"65":13,"74":1,"81":1},"path":"C:\\Users\\victo\\Documents\\GitHub\\simpleGeyser\\contracts\\AccessRule.sol","s":{"1":104,"2":104,"3":46,"4":9,"5":49,"6":12,"7":3,"8":13,"9":1,"10":1},"b":{"1":[46,0],"2":[9,0]},"f":{"1":104,"2":46,"3":9,"4":49,"5":12,"6":3,"7":13,"8":1,"9":1},"fnMap":{"1":{"name":"initialize","line":15,"loc":{"start":{"line":15,"column":3},"end":{"line":18,"column":3}}},"2":{"name":"onlyAdmin","line":23,"loc":{"start":{"line":23,"column":3},"end":{"line":26,"column":3}}},"3":{"name":"onlyMinter","line":31,"loc":{"start":{"line":31,"column":3},"end":{"line":34,"column":3}}},"4":{"name":"hasAdminRole","line":39,"loc":{"start":{"line":39,"column":3},"end":{"line":41,"column":3}}},"5":{"name":"hasMinterRole","line":46,"loc":{"start":{"line":46,"column":3},"end":{"line":48,"column":3}}},"6":{"name":"setAdmin","line":55,"loc":{"start":{"line":55,"column":4},"end":{"line":57,"column":4}}},"7":{"name":"setMinter","line":64,"loc":{"start":{"line":64,"column":4},"end":{"line":66,"column":4}}},"8":{"name":"removeMinter","line":73,"loc":{"start":{"line":73,"column":4},"end":{"line":75,"column":4}}},"9":{"name":"renounceAdmin","line":80,"loc":{"start":{"line":80,"column":4},"end":{"line":82,"column":4}}}},"statementMap":{"1":{"start":{"line":16,"column":5},"end":{"line":16,"column":46}},"2":{"start":{"line":17,"column":5},"end":{"line":17,"column":50}},"3":{"start":{"line":24,"column":5},"end":{"line":24,"column":64}},"4":{"start":{"line":32,"column":5},"end":{"line":32,"column":64}},"5":{"start":{"line":40,"column":4},"end":{"line":40,"column":48}},"6":{"start":{"line":47,"column":4},"end":{"line":47,"column":41}},"7":{"start":{"line":56,"column":5},"end":{"line":56,"column":43}},"8":{"start":{"line":65,"column":5},"end":{"line":65,"column":35}},"9":{"start":{"line":74,"column":5},"end":{"line":74,"column":36}},"10":{"start":{"line":81,"column":5},"end":{"line":81,"column":50}}},"branchMap":{"1":{"line":24,"type":"if","locations":[{"start":{"line":24,"column":5},"end":{"line":24,"column":5}},{"start":{"line":24,"column":5},"end":{"line":24,"column":5}}]},"2":{"line":32,"type":"if","locations":[{"start":{"line":32,"column":5},"end":{"line":32,"column":5}},{"start":{"line":32,"column":5},"end":{"line":32,"column":5}}]}}},
"contracts\\GeyserApp.sol":{"l":{"56":26,"57":26,"58":26,"59":26,"60":26,"61":26,"62":26,"63":26,"64":26,"71":4,"79":18,"87":1,"95":19,"97":17,"99":17,"100":17,"101":16,"103":17,"106":17,"107":17,"111":17,"114":17,"122":9,"124":9,"126":7,"127":7,"129":7,"130":7,"131":7,"132":7,"133":7,"134":7,"135":7,"136":7,"137":7,"138":2,"139":2,"140":2,"141":2,"142":2,"144":5,"145":5,"146":5,"147":5,"148":5,"152":7,"154":7,"157":7,"159":7,"162":7,"163":7,"179":7,"185":7,"193":43,"195":43,"200":43,"201":43,"213":43,"223":33,"231":89,"240":2,"247":139,"254":54,"261":0,"271":9,"273":9,"274":9,"275":9,"276":9,"277":9,"278":9,"280":9,"282":9,"291":43,"292":43,"293":43,"295":43,"296":20,"298":23,"299":23,"302":23,"303":15,"304":15,"306":8,"309":8,"312":23,"315":23,"319":43,"320":15,"322":15,"325":43,"330":0,"334":0},"path":"C:\\Users\\victo\\Documents\\GitHub\\simpleGeyser\\contracts\\GeyserApp.sol","s":{"1":26,"2":26,"3":26,"4":26,"5":26,"6":26,"7":26,"8":26,"9":26,"10":4,"11":18,"12":1,"13":19,"14":17,"15":17,"16":17,"17":16,"18":17,"19":17,"20":17,"21":17,"22":17,"23":9,"24":9,"25":7,"26":7,"27":7,"28":7,"29":7,"30":7,"31":7,"32":7,"33":7,"34":7,"35":7,"36":2,"37":2,"38":2,"39":2,"40":5,"41":5,"42":5,"43":5,"44":5,"45":7,"46":7,"47":7,"48":7,"49":7,"50":7,"51":7,"52":7,"53":43,"54":43,"55":43,"56":43,"57":43,"58":33,"59":89,"60":2,"61":139,"62":54,"63":0,"64":9,"65":9,"66":9,"67":9,"68":9,"69":9,"70":9,"71":9,"72":9,"73":43,"74":43,"75":43,"76":43,"77":20,"78":23,"79":23,"80":23,"81":15,"82":15,"83":8,"84":8,"85":23,"86":23,"87":43,"88":15,"89":15,"90":43,"91":0,"92":0},"b":{"1":[17,2],"2":[16,1],"3":[17,0],"4":[7,2],"5":[2,5],"6":[7,0],"7":[7,0],"8":[9,0],"9":[20,23],"10":[15,8],"11":[15,28],"12":[15,0]},"f":{"1":26,"2":4,"3":18,"4":1,"5":19,"6":9,"7":7,"8":43,"9":33,"10":89,"11":2,"12":139,"13":54,"14":0,"15":9,"16":43,"17":0,"18":0},"fnMap":{"1":{"name":"initialize","line":55,"loc":{"start":{"line":55,"column":4},"end":{"line":65,"column":4}}},"2":{"name":"getStakingToken","line":70,"loc":{"start":{"line":70,"column":4},"end":{"line":72,"column":4}}},"3":{"name":"stake","line":78,"loc":{"start":{"line":78,"column":4},"end":{"line":80,"column":4}}},"4":{"name":"stakeFor","line":86,"loc":{"start":{"line":86,"column":4},"end":{"line":88,"column":4}}},"5":{"name":"_stake","line":94,"loc":{"start":{"line":94,"column":4},"end":{"line":115,"column":4}}},"6":{"name":"unstake","line":121,"loc":{"start":{"line":121,"column":4},"end":{"line":165,"column":4}}},"7":{"name":"computeNewReward","line":176,"loc":{"start":{"line":176,"column":4},"end":{"line":186,"column":4}}},"8":{"name":"updateTotals","line":192,"loc":{"start":{"line":192,"column":4},"end":{"line":216,"column":4}}},"9":{"name":"totalStakedFor","line":222,"loc":{"start":{"line":222,"column":4},"end":{"line":225,"column":4}}},"10":{"name":"totalStaked","line":230,"loc":{"start":{"line":230,"column":4},"end":{"line":232,"column":4}}},"11":{"name":"token","line":239,"loc":{"start":{"line":239,"column":4},"end":{"line":241,"column":4}}},"12":{"name":"totalLocked","line":246,"loc":{"start":{"line":246,"column":4},"end":{"line":248,"column":4}}},"13":{"name":"totalUnlocked","line":253,"loc":{"start":{"line":253,"column":4},"end":{"line":255,"column":4}}},"14":{"name":"unlockScheduleCount","line":260,"loc":{"start":{"line":260,"column":4},"end":{"line":262,"column":4}}},"15":{"name":"lockRewardToken","line":270,"loc":{"start":{"line":270,"column":4},"end":{"line":284,"column":4}}},"16":{"name":"unlockRewardToken","line":290,"loc":{"start":{"line":290,"column":4},"end":{"line":326,"column":4}}},"17":{"name":"pause","line":329,"loc":{"start":{"line":329,"column":4},"end":{"line":331,"column":4}}},"18":{"name":"unpause","line":333,"loc":{"start":{"line":333,"column":4},"end":{"line":335,"column":4}}}},"statementMap":{"1":{"start":{"line":56,"column":8},"end":{"line":56,"column":40}},"2":{"start":{"line":57,"column":5},"end":{"line":57,"column":33}},"3":{"start":{"line":58,"column":5},"end":{"line":58,"column":35}},"4":{"start":{"line":59,"column":8},"end":{"line":59,"column":36}},"5":{"start":{"line":60,"column":8},"end":{"line":60,"column":56}},"6":{"start":{"line":61,"column":8},"end":{"line":61,"column":36}},"7":{"start":{"line":62,"column":8},"end":{"line":62,"column":57}},"8":{"start":{"line":63,"column":8},"end":{"line":63,"column":38}},"9":{"start":{"line":64,"column":8},"end":{"line":64,"column":59}},"10":{"start":{"line":71,"column":8},"end":{"line":71,"column":33}},"11":{"start":{"line":79,"column":8},"end":{"line":79,"column":36}},"12":{"start":{"line":87,"column":8},"end":{"line":87,"column":31}},"13":{"start":{"line":95,"column":8},"end":{"line":95,"column":60}},"14":{"start":{"line":97,"column":8},"end":{"line":97,"column":21}},"15":{"start":{"line":99,"column":8},"end":{"line":99,"column":65}},"16":{"start":{"line":100,"column":8},"end":{"line":100,"column":3398}},"17":{"start":{"line":101,"column":12},"end":{"line":101,"column":44}},"18":{"start":{"line":103,"column":8},"end":{"line":103,"column":59}},"19":{"start":{"line":106,"column":8},"end":{"line":106,"column":61}},"20":{"start":{"line":107,"column":8},"end":{"line":107,"column":41}},"21":{"start":{"line":111,"column":8},"end":{"line":111,"column":3786}},"22":{"start":{"line":114,"column":8},"end":{"line":114,"column":66}},"23":{"start":{"line":122,"column":5},"end":{"line":122,"column":18}},"24":{"start":{"line":124,"column":5},"end":{"line":124,"column":61}},"25":{"start":{"line":126,"column":5},"end":{"line":126,"column":67}},"26":{"start":{"line":127,"column":8},"end":{"line":127,"column":62}},"27":{"start":{"line":129,"column":8},"end":{"line":129,"column":38}},"28":{"start":{"line":130,"column":8},"end":{"line":130,"column":32}},"29":{"start":{"line":131,"column":8},"end":{"line":131,"column":45}},"30":{"start":{"line":132,"column":8},"end":{"line":132,"column":43}},"31":{"start":{"line":133,"column":8},"end":{"line":133,"column":4697}},"32":{"start":{"line":134,"column":9},"end":{"line":134,"column":63}},"33":{"start":{"line":135,"column":9},"end":{"line":135,"column":61}},"34":{"start":{"line":136,"column":9},"end":{"line":136,"column":40}},"35":{"start":{"line":137,"column":9},"end":{"line":137,"column":4908}},"36":{"start":{"line":138,"column":10},"end":{"line":138,"column":66}},"37":{"start":{"line":139,"column":10},"end":{"line":139,"column":75}},"38":{"start":{"line":140,"column":10},"end":{"line":140,"column":87}},"39":{"start":{"line":141,"column":10},"end":{"line":141,"column":58}},"40":{"start":{"line":144,"column":10},"end":{"line":144,"column":62}},"41":{"start":{"line":145,"column":10},"end":{"line":145,"column":75}},"42":{"start":{"line":146,"column":10},"end":{"line":146,"column":87}},"43":{"start":{"line":147,"column":10},"end":{"line":147,"column":62}},"44":{"start":{"line":148,"column":10},"end":{"line":148,"column":25}},"45":{"start":{"line":152,"column":8},"end":{"line":152,"column":59}},"46":{"start":{"line":154,"column":8},"end":{"line":154,"column":91}},"47":{"start":{"line":157,"column":8},"end":{"line":157,"column":5897}},"48":{"start":{"line":159,"column":8},"end":{"line":159,"column":6023}},"49":{"start":{"line":162,"column":8},"end":{"line":162,"column":78}},"50":{"start":{"line":163,"column":8},"end":{"line":163,"column":54}},"51":{"start":{"line":179,"column":8},"end":{"line":179,"column":7021}},"52":{"start":{"line":185,"column":8},"end":{"line":185,"column":56}},"53":{"start":{"line":193,"column":5},"end":{"line":193,"column":23}},"54":{"start":{"line":195,"column":5},"end":{"line":195,"column":7486}},"55":{"start":{"line":200,"column":5},"end":{"line":200,"column":83}},"56":{"start":{"line":201,"column":5},"end":{"line":201,"column":35}},"57":{"start":{"line":213,"column":5},"end":{"line":213,"column":27}},"58":{"start":{"line":223,"column":8},"end":{"line":223,"column":8422}},"59":{"start":{"line":231,"column":8},"end":{"line":231,"column":35}},"60":{"start":{"line":240,"column":8},"end":{"line":240,"column":41}},"61":{"start":{"line":247,"column":8},"end":{"line":247,"column":35}},"62":{"start":{"line":254,"column":8},"end":{"line":254,"column":37}},"63":{"start":{"line":261,"column":8},"end":{"line":261,"column":36}},"64":{"start":{"line":271,"column":5},"end":{"line":271,"column":18}},"65":{"start":{"line":273,"column":5},"end":{"line":273,"column":35}},"66":{"start":{"line":274,"column":5},"end":{"line":274,"column":41}},"67":{"start":{"line":275,"column":5},"end":{"line":275,"column":38}},"68":{"start":{"line":276,"column":5},"end":{"line":276,"column":46}},"69":{"start":{"line":277,"column":5},"end":{"line":277,"column":33}},"70":{"start":{"line":278,"column":5},"end":{"line":278,"column":33}},"71":{"start":{"line":280,"column":5},"end":{"line":280,"column":10382}},"72":{"start":{"line":282,"column":8},"end":{"line":282,"column":60}},"73":{"start":{"line":291,"column":5},"end":{"line":291,"column":37}},"74":{"start":{"line":292,"column":5},"end":{"line":292,"column":45}},"75":{"start":{"line":293,"column":5},"end":{"line":293,"column":43}},"76":{"start":{"line":295,"column":5},"end":{"line":295,"column":10943}},"77":{"start":{"line":296,"column":6},"end":{"line":296,"column":44}},"78":{"start":{"line":298,"column":6},"end":{"line":298,"column":11039}},"79":{"start":{"line":299,"column":7},"end":{"line":299,"column":58}},"80":{"start":{"line":302,"column":7},"end":{"line":302,"column":11173}},"81":{"start":{"line":303,"column":8},"end":{"line":303,"column":91}},"82":{"start":{"line":304,"column":8},"end":{"line":304,"column":59}},"83":{"start":{"line":306,"column":8},"end":{"line":306,"column":11415}},"84":{"start":{"line":309,"column":8},"end":{"line":309,"column":41}},"85":{"start":{"line":312,"column":7},"end":{"line":312,"column":85}},"86":{"start":{"line":315,"column":6},"end":{"line":315,"column":95}},"87":{"start":{"line":319,"column":5},"end":{"line":319,"column":11816}},"88":{"start":{"line":320,"column":12},"end":{"line":320,"column":11918}},"89":{"start":{"line":322,"column":12},"end":{"line":322,"column":68}},"90":{"start":{"line":325,"column":8},"end":{"line":325,"column":35}},"91":{"start":{"line":330,"column":5},"end":{"line":330,"column":12}},"92":{"start":{"line":334,"column":5},"end":{"line":334,"column":14}}},"branchMap":{"1":{"line":95,"type":"if","locations":[{"start":{"line":95,"column":8},"end":{"line":95,"column":8}},{"start":{"line":95,"column":8},"end":{"line":95,"column":8}}]},"2":{"line":100,"type":"if","locations":[{"start":{"line":100,"column":8},"end":{"line":100,"column":8}},{"start":{"line":100,"column":8},"end":{"line":100,"column":8}}]},"3":{"line":111,"type":"if","locations":[{"start":{"line":111,"column":8},"end":{"line":111,"column":8}},{"start":{"line":111,"column":8},"end":{"line":111,"column":8}}]},"4":{"line":124,"type":"if","locations":[{"start":{"line":124,"column":5},"end":{"line":124,"column":5}},{"start":{"line":124,"column":5},"end":{"line":124,"column":5}}]},"5":{"line":137,"type":"if","locations":[{"start":{"line":137,"column":9},"end":{"line":137,"column":9}},{"start":{"line":137,"column":9},"end":{"line":137,"column":9}}]},"6":{"line":157,"type":"if","locations":[{"start":{"line":157,"column":8},"end":{"line":157,"column":8}},{"start":{"line":157,"column":8},"end":{"line":157,"column":8}}]},"7":{"line":159,"type":"if","locations":[{"start":{"line":159,"column":8},"end":{"line":159,"column":8}},{"start":{"line":159,"column":8},"end":{"line":159,"column":8}}]},"8":{"line":280,"type":"if","locations":[{"start":{"line":280,"column":5},"end":{"line":280,"column":5}},{"start":{"line":280,"column":5},"end":{"line":280,"column":5}}]},"9":{"line":295,"type":"if","locations":[{"start":{"line":295,"column":5},"end":{"line":295,"column":5}},{"start":{"line":295,"column":5},"end":{"line":295,"column":5}}]},"10":{"line":302,"type":"if","locations":[{"start":{"line":302,"column":7},"end":{"line":302,"column":7}},{"start":{"line":302,"column":7},"end":{"line":302,"column":7}}]},"11":{"line":319,"type":"if","locations":[{"start":{"line":319,"column":5},"end":{"line":319,"column":5}},{"start":{"line":319,"column":5},"end":{"line":319,"column":5}}]},"12":{"line":320,"type":"if","locations":[{"start":{"line":320,"column":12},"end":{"line":320,"column":12}},{"start":{"line":320,"column":12},"end":{"line":320,"column":12}}]}}},
"contracts\\GeyserAppV1.sol":{"l":{"9":1,"13":1},"path":"C:\\Users\\victo\\Documents\\GitHub\\simpleGeyser\\contracts\\GeyserAppV1.sol","s":{"1":1,"2":1},"b":{},"f":{"1":1,"2":1},"fnMap":{"1":{"name":"getVersion","line":8,"loc":{"start":{"line":8,"column":1},"end":{"line":10,"column":1}}},"2":{"name":"setVersion","line":12,"loc":{"start":{"line":12,"column":1},"end":{"line":14,"column":1}}}},"statementMap":{"1":{"start":{"line":9,"column":2},"end":{"line":9,"column":16}},"2":{"start":{"line":13,"column":2},"end":{"line":13,"column":22}}},"branchMap":{}},
"contracts\\GeyserProxyFactory.sol":{"l":{"10":9,"11":9},"path":"C:\\Users\\victo\\Documents\\GitHub\\simpleGeyser\\contracts\\GeyserProxyFactory.sol","s":{"1":9,"2":9},"b":{},"f":{"1":9},"fnMap":{"1":{"name":"constructor","line":9,"loc":{"start":{"line":9,"column":2},"end":{"line":12,"column":2}}}},"statementMap":{"1":{"start":{"line":10,"column":4},"end":{"line":10,"column":17}},"2":{"start":{"line":11,"column":4},"end":{"line":11,"column":25}}},"branchMap":{}},
"contracts\\IStaking.sol":{"l":{},"path":"C:\\Users\\victo\\Documents\\GitHub\\simpleGeyser\\contracts\\IStaking.sol","s":{},"b":{},"f":{},"fnMap":{},"statementMap":{},"branchMap":{}},
"contracts\\SimplePool.sol":{"l":{"17":78,"18":78,"22":282,"26":29},"path":"C:\\Users\\victo\\Documents\\GitHub\\simpleGeyser\\contracts\\SimplePool.sol","s":{"1":78,"2":78,"3":282,"4":29},"b":{},"f":{"1":78,"2":282,"3":29},"fnMap":{"1":{"name":"initialize","line":16,"loc":{"start":{"line":16,"column":4},"end":{"line":19,"column":4}}},"2":{"name":"balance","line":21,"loc":{"start":{"line":21,"column":4},"end":{"line":23,"column":4}}},"3":{"name":"transfer","line":25,"loc":{"start":{"line":25,"column":4},"end":{"line":27,"column":4}}}},"statementMap":{"1":{"start":{"line":17,"column":8},"end":{"line":17,"column":43}},"2":{"start":{"line":18,"column":8},"end":{"line":18,"column":21}},"3":{"start":{"line":22,"column":8},"end":{"line":22,"column":45}},"4":{"start":{"line":26,"column":8},"end":{"line":26,"column":40}}},"branchMap":{}},
"contracts\\SimpleToken.sol":{"l":{"13":31,"14":31},"path":"C:\\Users\\victo\\Documents\\GitHub\\simpleGeyser\\contracts\\SimpleToken.sol","s":{"1":31,"2":31},"b":{},"f":{"1":31},"fnMap":{"1":{"name":"constructor","line":8,"loc":{"start":{"line":8,"column":1},"end":{"line":15,"column":4}}}},"statementMap":{"1":{"start":{"line":13,"column":8},"end":{"line":13,"column":24}},"2":{"start":{"line":14,"column":8},"end":{"line":14,"column":52}}},"branchMap":{}}}
