TN:
SF:C:\Users\victo\Documents\GitHub\simpleGeyser\contracts\AccessRule.sol
FN:15,initialize
FN:23,onlyAdmin
FN:31,onlyMinter
FN:39,hasAdminRole
FN:46,hasMinterRole
FN:55,setAdmin
FN:64,setMinter
FN:73,removeMinter
FN:80,renounceAdmin
FNF:9
FNH:9
FNDA:104,initialize
FNDA:46,onlyAdmin
FNDA:9,onlyMinter
FNDA:49,hasAdminRole
FNDA:12,hasMinterRole
FNDA:3,setAdmin
FNDA:13,setMinter
FNDA:1,removeMinter
FNDA:1,renounceAdmin
DA:16,104
DA:17,104
DA:24,46
DA:25,46
DA:32,9
DA:33,9
DA:40,49
DA:47,12
DA:56,3
DA:65,13
DA:74,1
DA:81,1
LF:12
LH:12
BRDA:24,1,0,46
BRDA:24,1,1,0
BRDA:32,2,0,9
BRDA:32,2,1,0
BRF:4
BRH:2
end_of_record
TN:
SF:C:\Users\victo\Documents\GitHub\simpleGeyser\contracts\GeyserApp.sol
FN:55,initialize
FN:70,getStakingToken
FN:78,stake
FN:86,stakeFor
FN:94,_stake
FN:121,unstake
FN:176,computeNewReward
FN:192,updateTotals
FN:222,totalStakedFor
FN:230,totalStaked
FN:239,token
FN:246,totalLocked
FN:253,totalUnlocked
FN:260,unlockScheduleCount
FN:270,lockRewardToken
FN:290,unlockRewardToken
FN:329,pause
FN:333,unpause
FNF:18
FNH:15
FNDA:26,initialize
FNDA:4,getStakingToken
FNDA:18,stake
FNDA:1,stakeFor
FNDA:19,_stake
FNDA:9,unstake
FNDA:7,computeNewReward
FNDA:43,updateTotals
FNDA:33,totalStakedFor
FNDA:89,totalStaked
FNDA:2,token
FNDA:139,totalLocked
FNDA:54,totalUnlocked
FNDA:0,unlockScheduleCount
FNDA:9,lockRewardToken
FNDA:43,unlockRewardToken
FNDA:0,pause
FNDA:0,unpause
DA:56,26
DA:57,26
DA:58,26
DA:59,26
DA:60,26
DA:61,26
DA:62,26
DA:63,26
DA:64,26
DA:71,4
DA:79,18
DA:87,1
DA:95,19
DA:97,17
DA:99,17
DA:100,17
DA:101,16
DA:103,17
DA:106,17
DA:107,17
DA:111,17
DA:114,17
DA:122,9
DA:124,9
DA:126,7
DA:127,7
DA:129,7
DA:130,7
DA:131,7
DA:132,7
DA:133,7
DA:134,7
DA:135,7
DA:136,7
DA:137,7
DA:138,2
DA:139,2
DA:140,2
DA:141,2
DA:142,2
DA:144,5
DA:145,5
DA:146,5
DA:147,5
DA:148,5
DA:152,7
DA:154,7
DA:157,7
DA:159,7
DA:162,7
DA:163,7
DA:179,7
DA:185,7
DA:193,43
DA:195,43
DA:200,43
DA:201,43
DA:213,43
DA:223,33
DA:231,89
DA:240,2
DA:247,139
DA:254,54
DA:261,0
DA:271,9
DA:273,9
DA:274,9
DA:275,9
DA:276,9
DA:277,9
DA:278,9
DA:280,9
DA:282,9
DA:291,43
DA:292,43
DA:293,43
DA:295,43
DA:296,20
DA:298,23
DA:299,23
DA:302,23
DA:303,15
DA:304,15
DA:306,8
DA:309,8
DA:312,23
DA:315,23
DA:319,43
DA:320,15
DA:322,15
DA:325,43
DA:330,0
DA:334,0
LF:93
LH:90
BRDA:95,1,0,17
BRDA:95,1,1,2
BRDA:100,2,0,16
BRDA:100,2,1,1
BRDA:111,3,0,17
BRDA:111,3,1,0
BRDA:124,4,0,7
BRDA:124,4,1,2
BRDA:137,5,0,2
BRDA:137,5,1,5
BRDA:157,6,0,7
BRDA:157,6,1,0
BRDA:159,7,0,7
BRDA:159,7,1,0
BRDA:280,8,0,9
BRDA:280,8,1,0
BRDA:295,9,0,20
BRDA:295,9,1,23
BRDA:302,10,0,15
BRDA:302,10,1,8
BRDA:319,11,0,15
BRDA:319,11,1,28
BRDA:320,12,0,15
BRDA:320,12,1,0
BRF:24
BRH:19
end_of_record
TN:
SF:C:\Users\victo\Documents\GitHub\simpleGeyser\contracts\GeyserAppV1.sol
FN:8,getVersion
FN:12,setVersion
FNF:2
FNH:2
FNDA:1,getVersion
FNDA:1,setVersion
DA:9,1
DA:13,1
LF:2
LH:2
BRF:0
BRH:0
end_of_record
TN:
SF:C:\Users\victo\Documents\GitHub\simpleGeyser\contracts\GeyserProxyFactory.sol
FN:9,constructor
FNF:1
FNH:1
FNDA:9,constructor
DA:10,9
DA:11,9
LF:2
LH:2
BRF:0
BRH:0
end_of_record
TN:
SF:C:\Users\victo\Documents\GitHub\simpleGeyser\contracts\IStaking.sol
FNF:0
FNH:0
LF:0
LH:0
BRF:0
BRH:0
end_of_record
TN:
SF:C:\Users\victo\Documents\GitHub\simpleGeyser\contracts\SimplePool.sol
FN:16,initialize
FN:21,balance
FN:25,transfer
FNF:3
FNH:3
FNDA:78,initialize
FNDA:282,balance
FNDA:29,transfer
DA:17,78
DA:18,78
DA:22,282
DA:26,29
LF:4
LH:4
BRF:0
BRH:0
end_of_record
TN:
SF:C:\Users\victo\Documents\GitHub\simpleGeyser\contracts\SimpleToken.sol
FN:8,constructor
FNF:1
FNH:1
FNDA:31,constructor
DA:13,31
DA:14,31
LF:2
LH:2
BRF:0
BRH:0
end_of_record
